Removed Pin From Net: NetName=BTN0 Pin=U2-8
Removed Pin From Net: NetName=BTN1 Pin=U2-9
Removed Pin From Net: NetName=BTN2 Pin=U2-10
Removed Pin From Net: NetName=BTN3 Pin=U2-11
Added Pin To Net: NetName=3V3 Pin=U2-4
Added Pin To Net: NetName=GND Pin=U2-5
Added Pin To Net: NetName=GND Pin=U2-6
Added Pin To Net: NetName=GND Pin=U2-7
Added Pin To Net: NetName=BTN0 Pin=U2-13
Added Pin To Net: NetName=BTN1 Pin=U2-14
Added Pin To Net: NetName=BTN2 Pin=U2-15
Added Pin To Net: NetName=BTN3 Pin=U2-16
Change Net Name : Old Net Name=3V3 New Net Name=CFG0
Change Net Name : Old Net Name=GND New Net Name=CFG1
Added Pin To Net: NetName=DIP0 Pin=DIP1-7
Added Pin To Net: NetName=DIP0 Pin=R4-2
Added Pin To Net: NetName=DIP0 Pin=U2-8
Added Net: Name=DIP0
Added Pin To Net: NetName=DIP1 Pin=DIP1-6
Added Pin To Net: NetName=DIP1 Pin=R3-2
Added Pin To Net: NetName=DIP1 Pin=U2-9
Added Net: Name=DIP1
Added Pin To Net: NetName=DIP2 Pin=DIP1-5
Added Pin To Net: NetName=DIP2 Pin=R2-2
Added Pin To Net: NetName=DIP2 Pin=U2-10
Added Net: Name=DIP2
Added Pin To Net: NetName=DIP3 Pin=DIP1-4
Added Pin To Net: NetName=DIP3 Pin=R1-2
Added Pin To Net: NetName=DIP3 Pin=U2-11
Added Net: Name=DIP3
