Removed Pin From Net: NetName=GND Pin=C13-1
Removed Pin From Net: NetName=GND Pin=C15-1
Removed Pin From Net: NetName=GND Pin=C16-1
Removed Pin From Net: NetName=GND Pin=C17-1
Removed Pin From Net: NetName=GND Pin=C18-1
Removed Pin From Net: NetName=GND Pin=C19-1
Removed Pin From Net: NetName=GND Pin=C20-1
Removed Pin From Net: NetName=GND Pin=C21-1
Removed Pin From Net: NetName=GND Pin=C22-1
Removed Pin From Net: NetName=GND Pin=C23-1
Removed Pin From Net: NetName=GND Pin=C24-1
Removed Pin From Net: NetName=GND Pin=C25-1
Removed Pin From Net: NetName=GND Pin=D3-1
Removed Pin From Net: NetName=GND Pin=R25-2
Removed Pin From Net: NetName=GND Pin=U4-12
Removed Member From Class: ClassName=PenguinPi Member=C13
Removed Member From Class: ClassName=PenguinPi Member=C14
Removed Member From Class: ClassName=PenguinPi Member=C15
Removed Member From Class: ClassName=PenguinPi Member=C16
Removed Member From Class: ClassName=PenguinPi Member=C17
Removed Member From Class: ClassName=PenguinPi Member=C18
Removed Member From Class: ClassName=PenguinPi Member=C19
Removed Member From Class: ClassName=PenguinPi Member=C20
Removed Member From Class: ClassName=PenguinPi Member=C21
Removed Member From Class: ClassName=PenguinPi Member=C22
Removed Member From Class: ClassName=PenguinPi Member=C23
Removed Member From Class: ClassName=PenguinPi Member=C24
Removed Member From Class: ClassName=PenguinPi Member=C25
Removed Member From Class: ClassName=PenguinPi Member=D2
Removed Member From Class: ClassName=PenguinPi Member=D3
Removed Member From Class: ClassName=PenguinPi Member=L2
Removed Member From Class: ClassName=PenguinPi Member=R19
Removed Member From Class: ClassName=PenguinPi Member=R20
Removed Member From Class: ClassName=PenguinPi Member=R21
Removed Member From Class: ClassName=PenguinPi Member=R22
Removed Member From Class: ClassName=PenguinPi Member=R23
Removed Member From Class: ClassName=PenguinPi Member=R24
Removed Member From Class: ClassName=PenguinPi Member=R25
Removed Member From Class: ClassName=PenguinPi Member=U4
Removed Member From Class: ClassName=PenguinPi Member=U5
Added Room: Name=PenguinPi
