Change Component Designator: Old Designator=*? New Designator=*1
Change Component Designator: Old Designator=C2 New Designator=C1
Change Component Designator: Old Designator=C? New Designator=C2
Change Component Designator: Old Designator=ISP New Designator=ISP1
Change Component Designator: Old Designator=LG1 New Designator=LG2
Change Component Designator: Old Designator=LG2 New Designator=LG1
Change Component Designator: Old Designator=P5 New Designator=P3
Change Component Designator: Old Designator=R4 New Designator=R2
Change Component Designator: Old Designator=R5 New Designator=R4
Change Component Designator: Old Designator=R6 New Designator=R5
Change Component Designator: Old Designator=R7 New Designator=R6
Change Component Designator: Old Designator=R8 New Designator=R7
Change Component Designator: Old Designator=R9 New Designator=R8
Change Component Designator: Old Designator=R10 New Designator=R9
Change Component Designator: Old Designator=R11 New Designator=R13
Change Component Designator: Old Designator=R12 New Designator=R10
Change Component Designator: Old Designator=R13 New Designator=R11
Change Component Designator: Old Designator=R14 New Designator=R12
Change Component Designator: Old Designator=R? New Designator=R3
Change Component Designator: Old Designator=VR2 New Designator=VR1
