Added Component: Designator=C?(CAPC2012X07N)
Added Component: Designator=D1(SODFL470X110-2N)
Added Component: Designator=D2(SODFL470X110-2N)
Added Pin To Net: NetName=GND Pin=C?-1
Added Pin To Net: NetName=VDC Pin=D1-1
Added Pin To Net: NetName=VSYS Pin=D1-2
Added Pin To Net: NetName=VBAT Pin=D2-1
Added Pin To Net: NetName=VSYS Pin=D2-2
Added Pin To Net: NetName=GND Pin=U1-A2
Added Pin To Net: NetName=GND Pin=U1-A3
Added Pin To Net: NetName=GND Pin=U1-A4
Added Pin To Net: NetName=GND Pin=U1-A5
Added Pin To Net: NetName=GND Pin=U1-B1
Added Pin To Net: NetName=GND Pin=U1-B2
Added Pin To Net: NetName=GND Pin=U1-B3
Added Pin To Net: NetName=GND Pin=U1-B4
Added Pin To Net: NetName=GND Pin=U1-B5
Added Pin To Net: NetName=GND Pin=U1-C1
Added Pin To Net: NetName=GND Pin=U1-C2
Added Pin To Net: NetName=GND Pin=U1-C3
Added Pin To Net: NetName=GND Pin=U1-C4
Added Pin To Net: NetName=GND Pin=U1-C5
Added Pin To Net: NetName=GND Pin=U1-D1
Added Pin To Net: NetName=GND Pin=U1-D2
Added Pin To Net: NetName=GND Pin=U1-D3
Added Pin To Net: NetName=GND Pin=U1-D4
Added Pin To Net: NetName=GND Pin=U1-D5
Added Pin To Net: NetName=GND Pin=U1-E1
Added Pin To Net: NetName=GND Pin=U1-E2
Added Pin To Net: NetName=GND Pin=U1-E5
Added Pin To Net: NetName=GND Pin=U1-F1
Added Pin To Net: NetName=GND Pin=U1-F2
Added Pin To Net: NetName=GND Pin=U1-F3
Added Pin To Net: NetName=GND Pin=U1-F4
Added Pin To Net: NetName=GND Pin=U1-F5
Added Pin To Net: NetName=GND Pin=U1-G1
Added Pin To Net: NetName=GND Pin=U1-G2
Added Pin To Net: NetName=GND Pin=U1-G3
Added Pin To Net: NetName=GND Pin=U1-G4
Added Pin To Net: NetName=GND Pin=U1-G5
Added Pin To Net: NetName=GND Pin=U1-G6
Added Pin To Net: NetName=VBAT Pin=U1-G7
Added Pin To Net: NetName=GND Pin=U1-H1
Added Pin To Net: NetName=GND Pin=U1-H2
Added Pin To Net: NetName=GND Pin=U1-H3
Added Pin To Net: NetName=GND Pin=U1-H4
Added Pin To Net: NetName=GND Pin=U1-H5
Added Pin To Net: NetName=GND Pin=U1-J1
Added Pin To Net: NetName=GND Pin=U1-J2
Added Pin To Net: NetName=GND Pin=U1-J3
Added Pin To Net: NetName=GND Pin=U1-J4
Added Pin To Net: NetName=GND Pin=U1-J6
Added Pin To Net: NetName=VDC Pin=U1-K5
Added Pin To Net: NetName=VDC Pin=U1-L5
Added Pin To Net: NetName=VDC Pin=U1-L6
Added Pin To Net: NetName=VDC Pin=U1-L7
Added Pin To Net: NetName=NetC?_2 Pin=C?-2
Added Pin To Net: NetName=NetC?_2 Pin=U1-K1
Added Pin To Net: NetName=NetC?_2 Pin=U1-K2
Added Pin To Net: NetName=NetC?_2 Pin=U1-K3
Added Pin To Net: NetName=NetC?_2 Pin=U1-K4
Added Pin To Net: NetName=NetC?_2 Pin=U1-K6
Added Pin To Net: NetName=NetC?_2 Pin=U1-L1
Added Pin To Net: NetName=NetC?_2 Pin=U1-L2
Added Pin To Net: NetName=NetC?_2 Pin=U1-L3
Added Pin To Net: NetName=NetC?_2 Pin=U1-L4
Added Net: Name=NetC?_2
Added Member To Class: ClassName=PenguinPi Member=Component C? CAP SMD
Added Member To Class: ClassName=PenguinPi Member=Component D1 SMD DIODE
Added Member To Class: ClassName=PenguinPi Member=Component D2 SMD DIODE
Added Member To Class: ClassName=PenguinPi Member=Component U1 LTM8061EV-8.2#PBF
Added Room: Name=PenguinPi
