Removed Pin From Net: NetName=VBAT Pin=U?-A6
Removed Pin From Net: NetName=VBAT Pin=U?-A7
Removed Pin From Net: NetName=VBAT Pin=U?-B6
Removed Pin From Net: NetName=VBAT Pin=U?-B7
Removed Pin From Net: NetName=VBAT Pin=U?-C6
Removed Pin From Net: NetName=VBAT Pin=U?-C7
Removed Pin From Net: NetName=VBAT Pin=U?-D6
Removed Pin From Net: NetName=VBAT Pin=U?-D7
Removed Pin From Net: NetName=VBAT Pin=U?-E6
Removed Pin From Net: NetName=VBAT Pin=U?-E7
Removed Pin From Net: NetName=VBAT Pin=U?-F6
Removed Pin From Net: NetName=VBAT Pin=U?-F7
Change Component Designator: OldDesignator=U? NewDesignator=U1
Added Pin To Net: NetName=GND Pin=U1-A1
Added Pin To Net: NetName=VBAT Pin=U1-A6
Added Pin To Net: NetName=VBAT Pin=U1-A7
Added Pin To Net: NetName=VBAT Pin=U1-B6
Added Pin To Net: NetName=VBAT Pin=U1-B7
Added Pin To Net: NetName=VBAT Pin=U1-C6
Added Pin To Net: NetName=VBAT Pin=U1-C7
Added Pin To Net: NetName=VBAT Pin=U1-D6
Added Pin To Net: NetName=VBAT Pin=U1-D7
Added Pin To Net: NetName=GND Pin=U1-E3
Added Pin To Net: NetName=GND Pin=U1-E4
Added Pin To Net: NetName=VBAT Pin=U1-E6
Added Pin To Net: NetName=VBAT Pin=U1-E7
Added Pin To Net: NetName=VBAT Pin=U1-F6
Added Pin To Net: NetName=VBAT Pin=U1-F7
Added Pin To Net: NetName=GND Pin=U1-J5
