Removed Pin From Net: NetName=IO0_7 Pin=LED1-1
Removed Pin From Net: NetName=GND Pin=LED1-2
Removed Pin From Net: NetName=IO1_7 Pin=LED2-1
Removed Pin From Net: NetName=GND Pin=LED2-2
Removed Pin From Net: NetName=IO0_6 Pin=LED3-1
Removed Pin From Net: NetName=GND Pin=LED3-2
Removed Pin From Net: NetName=IO1_6 Pin=LED4-1
Removed Pin From Net: NetName=GND Pin=LED4-2
Removed Pin From Net: NetName=IO0_5 Pin=LED5-1
Removed Pin From Net: NetName=GND Pin=LED5-2
Removed Pin From Net: NetName=IO1_5 Pin=LED6-1
Removed Pin From Net: NetName=GND Pin=LED6-2
Removed Pin From Net: NetName=IO0_4 Pin=LED7-1
Removed Pin From Net: NetName=GND Pin=LED7-2
Removed Pin From Net: NetName=IO1_4 Pin=LED8-1
Removed Pin From Net: NetName=GND Pin=LED8-2
Removed Pin From Net: NetName=IO0_3 Pin=LED9-1
Removed Pin From Net: NetName=GND Pin=LED9-2
Removed Pin From Net: NetName=IO1_3 Pin=LED10-1
Removed Pin From Net: NetName=GND Pin=LED10-2
Removed Pin From Net: NetName=IO0_2 Pin=LED11-1
Removed Pin From Net: NetName=GND Pin=LED11-2
Removed Pin From Net: NetName=IO1_2 Pin=LED12-1
Removed Pin From Net: NetName=GND Pin=LED12-2
Removed Pin From Net: NetName=IO0_1 Pin=LED13-1
Removed Pin From Net: NetName=GND Pin=LED13-2
Removed Pin From Net: NetName=IO1_1 Pin=LED14-1
Removed Pin From Net: NetName=GND Pin=LED14-2
Removed Pin From Net: NetName=IO0_0 Pin=LED15-1
Removed Pin From Net: NetName=GND Pin=LED15-2
Removed Pin From Net: NetName=IO1_0 Pin=LED16-1
Removed Pin From Net: NetName=GND Pin=LED16-2
Removed Pin From Net: NetName=5V0 Pin=LED17-1
Removed Pin From Net: NetName=5V0 Pin=LED18-1
Removed Pin From Net: NetName=5V0 Pin=LED19-1
Removed Pin From Net: NetName=5V0 Pin=LED20-1
Removed Pin From Net: NetName=5V0 Pin=LED21-1
Removed Pin From Net: NetName=GND Pin=R17-1
Removed Pin From Net: NetName=GND Pin=R18-1
Removed Pin From Net: NetName=GND Pin=R19-1
Removed Pin From Net: NetName=GND Pin=R20-1
Removed Pin From Net: NetName=GND Pin=R21-1
Removed Pin From Net: NetName=3V3 Pin=U2-4
Removed Pin From Net: NetName=GND Pin=U2-5
Removed Member From Class: ClassName=HAT_ID01_OLED Member=LED1
Removed Member From Class: ClassName=HAT_ID01_OLED Member=LED2
Removed Member From Class: ClassName=HAT_ID01_OLED Member=LED3
Removed Member From Class: ClassName=HAT_ID01_OLED Member=LED4
Removed Member From Class: ClassName=HAT_ID01_OLED Member=LED5
Removed Member From Class: ClassName=HAT_ID01_OLED Member=LED6
Removed Member From Class: ClassName=HAT_ID01_OLED Member=LED7
Removed Member From Class: ClassName=HAT_ID01_OLED Member=LED8
Removed Member From Class: ClassName=HAT_ID01_OLED Member=LED9
Removed Member From Class: ClassName=HAT_ID01_OLED Member=LED10
Removed Member From Class: ClassName=HAT_ID01_OLED Member=LED11
Removed Member From Class: ClassName=HAT_ID01_OLED Member=LED12
Removed Member From Class: ClassName=HAT_ID01_OLED Member=LED13
Removed Member From Class: ClassName=HAT_ID01_OLED Member=LED14
Removed Member From Class: ClassName=HAT_ID01_OLED Member=LED15
Removed Member From Class: ClassName=HAT_ID01_OLED Member=LED16
Removed Member From Class: ClassName=HAT_ID01_OLED Member=LED17
Removed Member From Class: ClassName=HAT_ID01_OLED Member=LED18
Removed Member From Class: ClassName=HAT_ID01_OLED Member=LED19
Removed Member From Class: ClassName=HAT_ID01_OLED Member=LED20
Removed Member From Class: ClassName=HAT_ID01_OLED Member=LED21
Removed Member From Class: ClassName=HAT_ID01_OLED Member=R17
Removed Member From Class: ClassName=HAT_ID01_OLED Member=R18
Removed Member From Class: ClassName=HAT_ID01_OLED Member=R19
Removed Member From Class: ClassName=HAT_ID01_OLED Member=R20
Removed Member From Class: ClassName=HAT_ID01_OLED Member=R21
Added Component: Designator=C?(CAPC2012X07N)
Added Component: Designator=C?(CAPC2012X07N)
Added Component: Designator=U3(INSE-QFN-24-1700X1540TP_L)
Added Pin To Net: NetName=GND Pin=C?-1
Added Pin To Net: NetName=GND Pin=C?-1
Added Pin To Net: NetName=3V3 Pin=C?-2
Added Pin To Net: NetName=GND Pin=U2-4
Added Pin To Net: NetName=3V3 Pin=U2-5
Added Pin To Net: NetName=3V3 Pin=U3-8
Added Pin To Net: NetName=3V3 Pin=U3-9
Added Pin To Net: NetName=3V3 Pin=U3-13
Added Pin To Net: NetName=GND Pin=U3-18
Added Pin To Net: NetName=SCL Pin=U3-23
Added Pin To Net: NetName=SDA Pin=U3-24
Added Pin To Net: NetName=NetC?_2 Pin=C?-2
Added Pin To Net: NetName=NetC?_2 Pin=U3-10
Added Net: Name=NetC?_2
Change Class Name : Old Net Name=HAT_ID01_OLED New Net Name=HAT_ID02_IMU
Added Member To Class: ClassName=HAT_ID02_IMU Member=Component C? CAP SMD
Added Member To Class: ClassName=HAT_ID02_IMU Member=Component C? CAP SMD
Added Member To Class: ClassName=HAT_ID02_IMU Member=Component U3 MPU-9250
Added Room: Name=HAT_ID02_IMU
